<?xml version="1.0" encoding="UTF-8"?>
<testsuite name="flavor.and.taste.recipes.RecipesApplicationTests" tests="1" skipped="0" failures="0" errors="0" timestamp="2025-01-28T20:32:41" hostname="MacBook-Pro-Alexandra.local" time="0.238">
  <properties/>
  <testcase name="contextLoads()" classname="flavor.and.taste.recipes.RecipesApplicationTests" time="0.238"/>
  <system-out><![CDATA[22:32:40.054 [Test worker] INFO org.springframework.test.context.support.AnnotationConfigContextLoaderUtils -- Could not detect default configuration classes for test class [flavor.and.taste.recipes.RecipesApplicationTests]: RecipesApplicationTests does not declare any static, non-private, non-final, nested classes annotated with @Configuration.
22:32:40.085 [Test worker] INFO org.springframework.boot.test.context.SpringBootTestContextBootstrapper -- Found @SpringBootConfiguration flavor.and.taste.recipes.RecipesApplication for test class flavor.and.taste.recipes.RecipesApplicationTests

  .   ____          _            __ _ _
 /\\ / ___'_ __ _ _(_)_ __  __ _ \ \ \ \
( ( )\___ | '_ | '_| | '_ \/ _` | \ \ \ \
 \\/  ___)| |_)| | | | | || (_| |  ) ) ) )
  '  |____| .__|_| |_|_| |_\__, | / / / /
 =========|_|==============|___/=/_/_/_/

 :: Spring Boot ::                (v3.4.0)

2025-01-28T22:32:40.210+02:00  INFO 37968 --- [recipes] [    Test worker] f.a.t.recipes.RecipesApplicationTests    : Starting RecipesApplicationTests using Java 17.0.12 with PID 37968 (started by alexandrasmeada in /Users/alexandrasmeada/IdeaProjects/recipes)
2025-01-28T22:32:40.210+02:00  INFO 37968 --- [recipes] [    Test worker] f.a.t.recipes.RecipesApplicationTests    : No active profile set, falling back to 1 default profile: "default"
2025-01-28T22:32:40.478+02:00  INFO 37968 --- [recipes] [    Test worker] .s.d.r.c.RepositoryConfigurationDelegate : Bootstrapping Spring Data JPA repositories in DEFAULT mode.
2025-01-28T22:32:40.494+02:00  INFO 37968 --- [recipes] [    Test worker] .s.d.r.c.RepositoryConfigurationDelegate : Finished Spring Data repository scanning in 12 ms. Found 2 JPA repository interfaces.
2025-01-28T22:32:40.666+02:00  INFO 37968 --- [recipes] [    Test worker] com.zaxxer.hikari.HikariDataSource       : HikariPool-1 - Starting...
2025-01-28T22:32:40.729+02:00  INFO 37968 --- [recipes] [    Test worker] com.zaxxer.hikari.pool.HikariPool        : HikariPool-1 - Added connection org.postgresql.jdbc.PgConnection@4f402027
2025-01-28T22:32:40.729+02:00  INFO 37968 --- [recipes] [    Test worker] com.zaxxer.hikari.HikariDataSource       : HikariPool-1 - Start completed.
2025-01-28T22:32:40.800+02:00  INFO 37968 --- [recipes] [    Test worker] liquibase.database                       : Set default schema name to public
2025-01-28T22:32:40.889+02:00  INFO 37968 --- [recipes] [    Test worker] liquibase.changelog                      : Creating database history table with name: public.databasechangelog
2025-01-28T22:32:40.905+02:00  INFO 37968 --- [recipes] [    Test worker] liquibase.changelog                      : Reading from public.databasechangelog
2025-01-28T22:32:40.934+02:00  INFO 37968 --- [recipes] [    Test worker] liquibase.lockservice                    : Successfully acquired change log lock
2025-01-28T22:32:40.934+02:00  INFO 37968 --- [recipes] [    Test worker] liquibase.command                        : Using deploymentId: 8096360934
2025-01-28T22:32:40.935+02:00  INFO 37968 --- [recipes] [    Test worker] liquibase.changelog                      : Reading from public.databasechangelog
2025-01-28T22:32:40.940+02:00  INFO 37968 --- [recipes] [    Test worker] liquibase.ui                             : Running Changeset: db/changelog/db.changelog-create-category-table.yaml::category::alexandrasmeada
2025-01-28T22:32:40.943+02:00  INFO 37968 --- [recipes] [    Test worker] liquibase.changelog                      : Table category created
2025-01-28T22:32:40.943+02:00  INFO 37968 --- [recipes] [    Test worker] liquibase.changelog                      : ChangeSet db/changelog/db.changelog-create-category-table.yaml::category::alexandrasmeada ran successfully in 3ms
2025-01-28T22:32:40.947+02:00  INFO 37968 --- [recipes] [    Test worker] liquibase.ui                             : Running Changeset: db/changelog/db.changelog-create-recipes-table.yaml::recipe::alexandrasmeada
2025-01-28T22:32:40.963+02:00  INFO 37968 --- [recipes] [    Test worker] liquibase.changelog                      : Table recipe created
2025-01-28T22:32:40.964+02:00  INFO 37968 --- [recipes] [    Test worker] liquibase.changelog                      : ChangeSet db/changelog/db.changelog-create-recipes-table.yaml::recipe::alexandrasmeada ran successfully in 17ms
2025-01-28T22:32:40.967+02:00  INFO 37968 --- [recipes] [    Test worker] liquibase.util                           : UPDATE SUMMARY
2025-01-28T22:32:40.967+02:00  INFO 37968 --- [recipes] [    Test worker] liquibase.util                           : Run:                          2
2025-01-28T22:32:40.967+02:00  INFO 37968 --- [recipes] [    Test worker] liquibase.util                           : Previously run:               0
2025-01-28T22:32:40.968+02:00  INFO 37968 --- [recipes] [    Test worker] liquibase.util                           : Filtered out:                 0
2025-01-28T22:32:40.968+02:00  INFO 37968 --- [recipes] [    Test worker] liquibase.util                           : -------------------------------
2025-01-28T22:32:40.968+02:00  INFO 37968 --- [recipes] [    Test worker] liquibase.util                           : Total change sets:            2
2025-01-28T22:32:40.968+02:00  INFO 37968 --- [recipes] [    Test worker] liquibase.util                           : Update summary generated
2025-01-28T22:32:40.968+02:00  INFO 37968 --- [recipes] [    Test worker] liquibase.command                        : Update command completed successfully.
2025-01-28T22:32:40.969+02:00  INFO 37968 --- [recipes] [    Test worker] liquibase.ui                             : Liquibase: Update has been successful. Rows affected: 2
2025-01-28T22:32:40.970+02:00  INFO 37968 --- [recipes] [    Test worker] liquibase.lockservice                    : Successfully released change log lock
2025-01-28T22:32:40.971+02:00  INFO 37968 --- [recipes] [    Test worker] liquibase.command                        : Command execution complete
2025-01-28T22:32:41.005+02:00  INFO 37968 --- [recipes] [    Test worker] o.hibernate.jpa.internal.util.LogHelper  : HHH000204: Processing PersistenceUnitInfo [name: default]
2025-01-28T22:32:41.020+02:00  INFO 37968 --- [recipes] [    Test worker] org.hibernate.Version                    : HHH000412: Hibernate ORM core version 6.6.2.Final
2025-01-28T22:32:41.030+02:00  INFO 37968 --- [recipes] [    Test worker] o.h.c.internal.RegionFactoryInitiator    : HHH000026: Second-level cache disabled
2025-01-28T22:32:41.107+02:00  INFO 37968 --- [recipes] [    Test worker] o.s.o.j.p.SpringPersistenceUnitInfo      : No LoadTimeWeaver setup: ignoring JPA class transformer
2025-01-28T22:32:41.129+02:00  INFO 37968 --- [recipes] [    Test worker] org.hibernate.orm.connections.pooling    : HHH10001005: Database info:
	Database JDBC URL [Connecting through datasource 'HikariDataSource (HikariPool-1)']
	Database driver: undefined/unknown
	Database version: 17.2
	Autocommit mode: undefined/unknown
	Isolation level: undefined/unknown
	Minimum pool size: undefined/unknown
	Maximum pool size: undefined/unknown
2025-01-28T22:32:41.311+02:00  INFO 37968 --- [recipes] [    Test worker] o.h.m.i.EntityInstantiatorPojoStandard   : HHH000182: No default (no-argument) constructor for class: flavor.and.taste.recipes.dao.entity.RecipeEntity (class must be instantiated by Interceptor)
2025-01-28T22:32:41.322+02:00  INFO 37968 --- [recipes] [    Test worker] o.h.m.i.EntityInstantiatorPojoStandard   : HHH000182: No default (no-argument) constructor for class: flavor.and.taste.recipes.dao.entity.CategoryEntity (class must be instantiated by Interceptor)
2025-01-28T22:32:41.370+02:00  INFO 37968 --- [recipes] [    Test worker] o.h.e.t.j.p.i.JtaPlatformInitiator       : HHH000489: No JTA platform available (set 'hibernate.transaction.jta.platform' to enable JTA platform integration)
2025-01-28T22:32:41.371+02:00  INFO 37968 --- [recipes] [    Test worker] j.LocalContainerEntityManagerFactoryBean : Initialized JPA EntityManagerFactory for persistence unit 'default'
2025-01-28T22:32:41.519+02:00  WARN 37968 --- [recipes] [    Test worker] JpaBaseConfiguration$JpaWebConfiguration : spring.jpa.open-in-view is enabled by default. Therefore, database queries may be performed during view rendering. Explicitly configure spring.jpa.open-in-view to disable this warning
2025-01-28T22:32:41.792+02:00  INFO 37968 --- [recipes] [    Test worker] o.s.b.a.e.web.EndpointLinksResolver      : Exposing 15 endpoints beneath base path '/management'
2025-01-28T22:32:41.821+02:00  INFO 37968 --- [recipes] [    Test worker] f.a.t.recipes.RecipesApplicationTests    : Started RecipesApplicationTests in 1.699 seconds (process running for 2.041)
]]></system-out>
  <system-err><![CDATA[]]></system-err>
</testsuite>
